#
# There is insufficient memory for the Java Runtime Environment to continue.
# Native memory allocation (mmap) failed to map 167772160 bytes for G1 virtual space
# Possible reasons:
#   The system is out of physical RAM or swap space
#   The process is running with CompressedOops enabled, and the Java Heap may be blocking the growth of the native heap
# Possible solutions:
#   Reduce memory load on the system
#   Increase physical memory or swap space
#   Check if swap backing store is full
#   Decrease Java heap size (-Xmx/-Xms)
#   Decrease number of Java threads
#   Decrease Java thread stack sizes (-Xss)
#   Set larger code cache with -XX:ReservedCodeCacheSize=
#   JVM is running with Zero Based Compressed Oops mode in which the Java heap is
#     placed in the first 32GB address space. The Java Heap base address is the
#     maximum limit for the native heap growth. Please use -XX:HeapBaseMinAddress
#     to set the Java Heap base and to place the Java Heap above 32GB virtual address.
# This output file may be truncated or incomplete.
#
#  Out of Memory Error (os_windows.cpp:3559), pid=16656, tid=14548
#
# JRE version:  (17.0.7+7) (build )
# Java VM: OpenJDK 64-Bit Server VM (17.0.7+7, mixed mode, sharing, tiered, compressed oops, compressed class ptrs, g1 gc, windows-amd64)
# Core dump will be written. Default location: C:\Users\Victor\Desktop\ProjetoA3-SDM\hs_err_pid16656.mdmp
#

---------------  S U M M A R Y ------------

Command Line: -XX:+ShowCodeDetailsInExceptionMessages com.a3sdm.Client.PlayerVictor

Host: Intel(R) Xeon(R) CPU           X5660  @ 2.80GHz, 12 cores, 9G,  Windows Server 2019 , 64 bit Build 17763 (10.0.17763.3887)
Time: Thu Jun  1 12:11:58 2023 Hora oficial do Brasil elapsed time: 0.141923 seconds (0d 0h 0m 0s)

---------------  T H R E A D  ---------------

Current thread (0x000001683e2205f0):  JavaThread "Unknown thread" [_thread_in_vm, id=14548, stack(0x0000002257e00000,0x0000002257f00000)]

Stack: [0x0000002257e00000,0x0000002257f00000]
Native frames: (J=compiled Java code, j=interpreted, Vv=VM code, C=native code)
V  [jvm.dll+0x67754a]
V  [jvm.dll+0x834304]
V  [jvm.dll+0x835aae]
V  [jvm.dll+0x836113]
V  [jvm.dll+0x24696f]
V  [jvm.dll+0x6743f9]
V  [jvm.dll+0x668c8a]
V  [jvm.dll+0x3061bb]
V  [jvm.dll+0x30d6a6]
V  [jvm.dll+0x35cece]
V  [jvm.dll+0x35d0ff]
V  [jvm.dll+0x2dd048]
V  [jvm.dll+0x2ddfb4]
V  [jvm.dll+0x8066d1]
V  [jvm.dll+0x36ac91]
V  [jvm.dll+0x7e5cec]
V  [jvm.dll+0x3ed56f]
V  [jvm.dll+0x3ef0a1]
C  [jli.dll+0x528b]
C  [ucrtbase.dll+0x2268a]
C  [KERNEL32.DLL+0x17ad4]
C  [ntdll.dll+0x5a371]


---------------  P R O C E S S  ---------------

Threads class SMR info:
_java_thread_list=0x00007ffd8c407018, length=0, elements={
}

Java Threads: ( => current thread )

Other Threads:
  0x000001683e26ff20 GCTaskThread "GC Thread#0" [stack: 0x0000002257f00000,0x0000002258000000] [id=11888]
  0x000001683e27baf0 ConcurrentGCThread "G1 Main Marker" [stack: 0x0000002258000000,0x0000002258100000] [id=5468]
  0x000001683e27cd70 ConcurrentGCThread "G1 Conc#0" [stack: 0x0000002258100000,0x0000002258200000] [id=11276]

[error occurred during error reporting (printing all threads), id 0xc0000005, EXCEPTION_ACCESS_VIOLATION (0xc0000005) at pc=0x00007ffd8bbddaf7]

VM state: not at safepoint (not fully initialized)

VM Mutex/Monitor currently owned by a thread:  ([mutex/lock_event])
[0x000001683e21c520] Heap_lock - owner thread: 0x000001683e2205f0

Heap address: 0x0000000760200000, size: 2558 MB, Compressed Oops mode: Zero based, Oop shift amount: 3

CDS archive(s) mapped at: [0x0000000000000000-0x0000000000000000-0x0000000000000000), size 0, SharedBaseAddress: 0x0000000800000000, ArchiveRelocationMode: 0.
Narrow klass base: 0x0000000000000000, Narrow klass shift: 0, Narrow klass range: 0x0

GC Precious Log:
<Empty>

Heap:
 garbage-first heap   total 0K, used 0K [0x0000000760200000, 0x0000000800000000)
  region size 2048K, 0 young (0K), 0 survivors (0K)

[error occurred during error reporting (printing heap information), id 0xc0000005, EXCEPTION_ACCESS_VIOLATION (0xc0000005) at pc=0x00007ffd8bfc0db9]

GC Heap History (0 events):
No events

Dll operation events (1 events):
Event: 0.017 Loaded shared library C:\Program Files\Eclipse Adoptium\jdk-17.0.7.7-hotspot\bin\java.dll

Deoptimization events (0 events):
No events

Classes unloaded (0 events):
No events

Classes redefined (0 events):
No events

Internal exceptions (0 events):
No events

VM Operations (0 events):
No events

Events (0 events):
No events


Dynamic libraries:
0x00007ff70c440000 - 0x00007ff70c44e000 	C:\Program Files\Eclipse Adoptium\jdk-17.0.7.7-hotspot\bin\java.exe
0x00007ffe423b0000 - 0x00007ffe4259e000 	C:\Windows\SYSTEM32\ntdll.dll
0x00007ffe41f90000 - 0x00007ffe42043000 	C:\Windows\System32\KERNEL32.DLL
0x00007ffe3f080000 - 0x00007ffe3f31d000 	C:\Windows\System32\KERNELBASE.dll
0x00007ffe3e500000 - 0x00007ffe3e5fa000 	C:\Windows\System32\ucrtbase.dll
0x00007ffe16850000 - 0x00007ffe16867000 	C:\Program Files\Eclipse Adoptium\jdk-17.0.7.7-hotspot\bin\jli.dll
0x00007ffe16dd0000 - 0x00007ffe16de9000 	C:\Program Files\Eclipse Adoptium\jdk-17.0.7.7-hotspot\bin\VCRUNTIME140.dll
0x00007ffe41040000 - 0x00007ffe411d8000 	C:\Windows\System32\USER32.dll
0x00007ffe3e650000 - 0x00007ffe3e670000 	C:\Windows\System32\win32u.dll
0x00007ffe2b410000 - 0x00007ffe2b689000 	C:\Windows\WinSxS\amd64_microsoft.windows.common-controls_6595b64144ccf1df_6.0.17763.4010_none_de6ee876534d4e3f\COMCTL32.dll
0x00007ffe3f5e0000 - 0x00007ffe3f609000 	C:\Windows\System32\GDI32.dll
0x00007ffe3ede0000 - 0x00007ffe3ef80000 	C:\Windows\System32\gdi32full.dll
0x00007ffe412a0000 - 0x00007ffe4133e000 	C:\Windows\System32\msvcrt.dll
0x00007ffe3ef80000 - 0x00007ffe3f020000 	C:\Windows\System32\msvcp_win.dll
0x00007ffe41500000 - 0x00007ffe4182c000 	C:\Windows\System32\combase.dll
0x00007ffe418f0000 - 0x00007ffe41a0d000 	C:\Windows\System32\RPCRT4.dll
0x00007ffe3f320000 - 0x00007ffe3f3a2000 	C:\Windows\System32\bcryptPrimitives.dll
0x00007ffe40b90000 - 0x00007ffe40bbe000 	C:\Windows\System32\IMM32.DLL
0x00007ffe33db0000 - 0x00007ffe33dbc000 	C:\Program Files\Eclipse Adoptium\jdk-17.0.7.7-hotspot\bin\vcruntime140_1.dll
0x00007ffdedcf0000 - 0x00007ffdedd81000 	C:\Program Files\Eclipse Adoptium\jdk-17.0.7.7-hotspot\bin\msvcp140.dll
0x00007ffd8b8f0000 - 0x00007ffd8c538000 	C:\Program Files\Eclipse Adoptium\jdk-17.0.7.7-hotspot\bin\server\jvm.dll
0x00007ffe411e0000 - 0x00007ffe41287000 	C:\Windows\System32\ADVAPI32.dll
0x00007ffe422e0000 - 0x00007ffe4237f000 	C:\Windows\System32\sechost.dll
0x00007ffdb5e80000 - 0x00007ffdb5e89000 	C:\Windows\SYSTEM32\WSOCK32.dll
0x00007ffe41ec0000 - 0x00007ffe41f2d000 	C:\Windows\System32\WS2_32.dll
0x00007ffe3c5b0000 - 0x00007ffe3c5d4000 	C:\Windows\SYSTEM32\WINMM.dll
0x00007ffe342b0000 - 0x00007ffe342ba000 	C:\Windows\SYSTEM32\VERSION.dll
0x00007ffe3c560000 - 0x00007ffe3c58d000 	C:\Windows\SYSTEM32\winmmbase.dll
0x00007ffe3e600000 - 0x00007ffe3e64a000 	C:\Windows\System32\cfgmgr32.dll
0x00007ffe3e3b0000 - 0x00007ffe3e3c1000 	C:\Windows\System32\kernel.appcore.dll
0x00007ffe25df0000 - 0x00007ffe25dfa000 	C:\Program Files\Eclipse Adoptium\jdk-17.0.7.7-hotspot\bin\jimage.dll
0x00007ffe2fb60000 - 0x00007ffe2fd4d000 	C:\Windows\SYSTEM32\DBGHELP.DLL
0x00007ffe2fb30000 - 0x00007ffe2fb5a000 	C:\Windows\SYSTEM32\dbgcore.DLL
0x00007ffe16570000 - 0x00007ffe16595000 	C:\Program Files\Eclipse Adoptium\jdk-17.0.7.7-hotspot\bin\java.dll

dbghelp: loaded successfully - version: 4.0.5 - missing functions: none
symbol engine: initialized successfully - sym options: 0x614 - pdb path: .;C:\Program Files\Eclipse Adoptium\jdk-17.0.7.7-hotspot\bin;C:\Windows\SYSTEM32;C:\Windows\WinSxS\amd64_microsoft.windows.common-controls_6595b64144ccf1df_6.0.17763.4010_none_de6ee876534d4e3f;C:\Program Files\Eclipse Adoptium\jdk-17.0.7.7-hotspot\bin\server

VM Arguments:
jvm_args: -XX:+ShowCodeDetailsInExceptionMessages 
java_command: com.a3sdm.Client.PlayerVictor
java_class_path (initial): C:\Users\Victor\Desktop\ProjetoA3-SDM\a3\target\classes
Launcher Type: SUN_STANDARD

[Global flags]
     intx CICompilerCount                          = 4                                         {product} {ergonomic}
     uint ConcGCThreads                            = 3                                         {product} {ergonomic}
     uint G1ConcRefinementThreads                  = 10                                        {product} {ergonomic}
   size_t G1HeapRegionSize                         = 2097152                                   {product} {ergonomic}
    uintx GCDrainStackTargetSize                   = 64                                        {product} {ergonomic}
   size_t InitialHeapSize                          = 167772160                                 {product} {ergonomic}
   size_t MarkStackSize                            = 4194304                                   {product} {ergonomic}
   size_t MaxHeapSize                              = 2682257408                                {product} {ergonomic}
   size_t MinHeapDeltaBytes                        = 2097152                                   {product} {ergonomic}
   size_t MinHeapSize                              = 8388608                                   {product} {ergonomic}
    uintx NonNMethodCodeHeapSize                   = 5839372                                {pd product} {ergonomic}
    uintx NonProfiledCodeHeapSize                  = 122909434                              {pd product} {ergonomic}
    uintx ProfiledCodeHeapSize                     = 122909434                              {pd product} {ergonomic}
    uintx ReservedCodeCacheSize                    = 251658240                              {pd product} {ergonomic}
     bool SegmentedCodeCache                       = true                                      {product} {ergonomic}
     bool ShowCodeDetailsInExceptionMessages       = true                                   {manageable} {command line}
   size_t SoftMaxHeapSize                          = 2682257408                             {manageable} {ergonomic}
     bool UseCompressedClassPointers               = true                           {product lp64_product} {ergonomic}
     bool UseCompressedOops                        = true                           {product lp64_product} {ergonomic}
     bool UseG1GC                                  = true                                      {product} {ergonomic}
     bool UseLargePagesIndividualAllocation        = false                                  {pd product} {ergonomic}

Logging:
Log output configuration:
 #0: stdout all=warning uptime,level,tags
 #1: stderr all=off uptime,level,tags

Environment Variables:
JAVA_HOME=C:\Program Files\Eclipse Adoptium\jdk-17.0.7.7-hotspot\
CLASSPATH=C:\Users\Victor\Desktop\DesignPatterns\patterns\command
PATH=C:\Program Files\Eclipse Adoptium\jdk-17.0.7.7-hotspot\bin;C:\Windows\system32;C:\Windows;C:\Windows\System32\Wbem;C:\Windows\System32\WindowsPowerShell\v1.0\;C:\Windows\System32\OpenSSH\;C:\Program Files\Microsoft SQL Server\150\Tools\Binn\;C:\Program Files\Git\cmd;C:\Program Files\Microsoft SQL Server\Client SDK\ODBC\170\Tools\Binn\;C:\Program Files\dotnet\;C:\Users\Victor\AppData\Local\Microsoft\WindowsApps;;C:\Users\Victor\AppData\Local\Programs\Microsoft VS Code\bin
USERNAME=Victor
LANG=en_US.UTF-8
OS=Windows_NT
PROCESSOR_IDENTIFIER=Intel64 Family 6 Model 44 Stepping 2, GenuineIntel
TMP=C:\Users\Victor\AppData\Local\Temp\3
TEMP=C:\Users\Victor\AppData\Local\Temp\3



---------------  S Y S T E M  ---------------

OS:
 Windows Server 2019 , 64 bit Build 17763 (10.0.17763.3887)
OS uptime: 2 days 3:20 hours
Xen hardware-assisted virtualization detected

CPU: total 12 (initial active 12) (4 cores per cpu, 1 threads per core) family 6 model 44 stepping 2 microcode 0x1f, cx8, cmov, fxsr, mmx, sse, sse2, sse3, ssse3, sse4.1, sse4.2, popcnt, tsc, aes, clmul, clflush, hv

Memory: 4k page, system-wide physical 10231M (1364M free)
TotalPageFile size 11085M (AvailPageFile size 112M)
current process WorkingSet (physical memory assigned to process): 10M, peak: 10M
current process commit charge ("private bytes"): 64M, peak: 224M

vm_info: OpenJDK 64-Bit Server VM (17.0.7+7) for windows-amd64 JRE (17.0.7+7), built on Apr 18 2023 22:10:42 by "temurin" with MS VC++ 16.7 (VS2019)

END.
